Stats for K562_plasmid_rep1
Flag	BC Count	Read Sum
0	14057892	17797893
1	313972	396939
2	192067	234529
counted	14057892	17797893
Stats for K562_plasmid_rep2
Flag	BC Count	Read Sum
0	12932436	16064009
1	288314	358173
2	176539	212156
counted	12932436	16064009
Stats for K562_plasmid_rep3
Flag	BC Count	Read Sum
0	13866698	17510071
1	309292	390317
2	190020	231943
counted	13866698	17510071
Stats for K562_plasmid_rep4
Flag	BC Count	Read Sum
0	16864319	22346289
1	376285	498584
2	233324	295909
counted	16864319	22346289
Stats for K562_plasmid_rep5
Flag	BC Count	Read Sum
0	16676499	21999278
1	372335	491506
2	230498	291251
counted	16676499	21999278
Stats for K562_rep1
Flag	BC Count	Read Sum
0	8421552	15410027
1	258922	727576
2	124163	206335
counted	8421552	15410027
Stats for K562_rep2
Flag	BC Count	Read Sum
0	9525515	18685834
1	284209	979484
2	143654	248737
counted	9525515	18685834
Stats for K562_rep3
Flag	BC Count	Read Sum
0	9693154	17984612
1	289621	891438
2	145622	241764
counted	9693154	17984612
Stats for K562_rep4
Flag	BC Count	Read Sum
0	7002424	11230572
1	223383	556576
2	103419	150997
counted	7002424	11230572
Stats for K562_rep5
Flag	BC Count	Read Sum
0	9687118	18561881
1	292029	959685
2	145254	246826
counted	9687118	18561881
